{"total": {"lines":{"total":144,"covered":144,"skipped":0,"pct":100},"statements":{"total":144,"covered":144,"skipped":0,"pct":100},"functions":{"total":3,"covered":3,"skipped":0,"pct":100},"branches":{"total":9,"covered":9,"skipped":0,"pct":100},"branchesTrue":{"total":0,"covered":0,"skipped":0,"pct":100}}
,"C:\\Users\\IT DIR\\Documents\\sys\\Software Projects\\mvc-react\\packages\\stateful\\src\\index.ts": {"lines":{"total":95,"covered":95,"skipped":0,"pct":100},"functions":{"total":3,"covered":3,"skipped":0,"pct":100},"statements":{"total":95,"covered":95,"skipped":0,"pct":100},"branches":{"total":6,"covered":6,"skipped":0,"pct":100}}
,"C:\\Users\\IT DIR\\Documents\\sys\\Software Projects\\mvc-react\\packages\\stateful\\src\\__tests__\\data.ts": {"lines":{"total":49,"covered":49,"skipped":0,"pct":100},"functions":{"total":0,"covered":0,"skipped":0,"pct":100},"statements":{"total":49,"covered":49,"skipped":0,"pct":100},"branches":{"total":3,"covered":3,"skipped":0,"pct":100}}
}
